2020-01-23 13:06:28.545  INFO 7076 --- [main] b.c.b.api.BelloSaltoApiApplication       : Starting BelloSaltoApiApplication v1.0.0-SNAPSHOT on LAPTOP-6FE6MVOF with PID 7076 (C:\Diogo\workspace\bellosalto-api\target\bellosalto-api-1.0.0-SNAPSHOT.jar started by Clarissa in C:\Diogo\workspace\bellosalto-api)
2020-01-23 13:06:28.548  INFO 7076 --- [main] b.c.b.api.BelloSaltoApiApplication       : The following profiles are active: oauth-security
2020-01-23 13:06:29.379  INFO 7076 --- [main] .s.d.r.c.RepositoryConfigurationDelegate : Bootstrapping Spring Data repositories in DEFAULT mode.
2020-01-23 13:06:29.479  INFO 7076 --- [main] .s.d.r.c.RepositoryConfigurationDelegate : Finished Spring Data repository scanning in 89ms. Found 5 repository interfaces.
2020-01-23 13:06:29.825  INFO 7076 --- [main] trationDelegate$BeanPostProcessorChecker : Bean 'org.springframework.transaction.annotation.ProxyTransactionManagementConfiguration' of type [org.springframework.transaction.annotation.ProxyTransactionManagementConfiguration$$EnhancerBySpringCGLIB$$f62deecf] is not eligible for getting processed by all BeanPostProcessors (for example: not eligible for auto-proxying)
2020-01-23 13:06:29.863  INFO 7076 --- [main] trationDelegate$BeanPostProcessorChecker : Bean 'org.springframework.security.config.annotation.configuration.ObjectPostProcessorConfiguration' of type [org.springframework.security.config.annotation.configuration.ObjectPostProcessorConfiguration$$EnhancerBySpringCGLIB$$8edbb709] is not eligible for getting processed by all BeanPostProcessors (for example: not eligible for auto-proxying)
2020-01-23 13:06:29.868  INFO 7076 --- [main] trationDelegate$BeanPostProcessorChecker : Bean 'objectPostProcessor' of type [org.springframework.security.config.annotation.configuration.AutowireBeanFactoryObjectPostProcessor] is not eligible for getting processed by all BeanPostProcessors (for example: not eligible for auto-proxying)
2020-01-23 13:06:29.870  INFO 7076 --- [main] trationDelegate$BeanPostProcessorChecker : Bean 'org.springframework.security.access.expression.method.DefaultMethodSecurityExpressionHandler@158a8276' of type [org.springframework.security.access.expression.method.DefaultMethodSecurityExpressionHandler] is not eligible for getting processed by all BeanPostProcessors (for example: not eligible for auto-proxying)
2020-01-23 13:06:29.873  INFO 7076 --- [main] trationDelegate$BeanPostProcessorChecker : Bean 'resourceServerConfig' of type [br.com.bellosalto.api.config.ResourceServerConfig$$EnhancerBySpringCGLIB$$8922bd69] is not eligible for getting processed by all BeanPostProcessors (for example: not eligible for auto-proxying)
2020-01-23 13:06:29.880  INFO 7076 --- [main] trationDelegate$BeanPostProcessorChecker : Bean 'createExpressionHandler' of type [org.springframework.security.oauth2.provider.expression.OAuth2MethodSecurityExpressionHandler] is not eligible for getting processed by all BeanPostProcessors (for example: not eligible for auto-proxying)
2020-01-23 13:06:29.882  INFO 7076 --- [main] trationDelegate$BeanPostProcessorChecker : Bean 'org.springframework.security.config.annotation.method.configuration.GlobalMethodSecurityConfiguration' of type [org.springframework.security.config.annotation.method.configuration.GlobalMethodSecurityConfiguration$$EnhancerBySpringCGLIB$$b3b059bb] is not eligible for getting processed by all BeanPostProcessors (for example: not eligible for auto-proxying)
2020-01-23 13:06:29.887  INFO 7076 --- [main] trationDelegate$BeanPostProcessorChecker : Bean 'methodSecurityMetadataSource' of type [org.springframework.security.access.method.DelegatingMethodSecurityMetadataSource] is not eligible for getting processed by all BeanPostProcessors (for example: not eligible for auto-proxying)
2020-01-23 13:06:30.641  INFO 7076 --- [main] o.s.b.w.embedded.tomcat.TomcatWebServer  : Tomcat initialized with port(s): 8080 (http)
2020-01-23 13:06:30.672  INFO 7076 --- [main] o.apache.catalina.core.StandardService   : Starting service [Tomcat]
2020-01-23 13:06:30.673  INFO 7076 --- [main] org.apache.catalina.core.StandardEngine  : Starting Servlet engine: [Apache Tomcat/9.0.16]
2020-01-23 13:06:30.789  INFO 7076 --- [main] o.a.catalina.core.AprLifecycleListener   : The APR based Apache Tomcat Native library which allows optimal performance in production environments was not found on the java.library.path: [C:\Program Files (x86)\Common Files\Oracle\Java\javapath;C:\WINDOWS\Sun\Java\bin;C:\WINDOWS\system32;C:\WINDOWS;C:\Program Files (x86)\Intel\Intel(R) Management Engine Components\iCLS\;C:\Program Files\Intel\Intel(R) Management Engine Components\iCLS\;C:\Program Files (x86)\Common Files\Oracle\Java\javapath;C:\windows\system32;C:\windows;C:\windows\System32\Wbem;C:\windows\System32\WindowsPowerShell\v1.0\;C:\windows\System32\OpenSSH\;C:\Program Files (x86)\NVIDIA Corporation\PhysX\Common;C:\Program Files\Git\cmd;C:\Diogo\nodejs\;C:\Program Files\PuTTY\;C:\WINDOWS\system32;C:\WINDOWS;C:\WINDOWS\System32\Wbem;C:\WINDOWS\System32\WindowsPowerShell\v1.0\;C:\WINDOWS\System32\OpenSSH\;C:\Program Files (x86)\Intel\Intel(R) Management Engine Components\DAL;C:\Program Files\Intel\Intel(R) Management Engine Components\DAL;C:\Program Files\MySQL\MySQL Shell 8.0\bin\;C:\Users\Clarissa\AppData\Local\Microsoft\WindowsApps;C:\Diogo\Microsoft VS Code\bin;C:\Users\Clarissa\AppData\Roaming\npm;C:\Diogo\heroku\bin;;C:\Program Files\Docker Toolbox;.]
2020-01-23 13:06:30.868  INFO 7076 --- [main] o.a.c.c.C.[Tomcat].[localhost].[/]       : Initializing Spring embedded WebApplicationContext
2020-01-23 13:06:30.868  INFO 7076 --- [main] o.s.web.context.ContextLoader            : Root WebApplicationContext: initialization completed in 2273 ms
2020-01-23 13:06:31.021  INFO 7076 --- [main] o.f.c.internal.license.VersionPrinter    : Flyway Community Edition 5.2.4 by Boxfuse
2020-01-23 13:06:31.030  INFO 7076 --- [main] com.zaxxer.hikari.HikariDataSource       : HikariPool-1 - Starting...
2020-01-23 13:06:31.770  INFO 7076 --- [main] com.zaxxer.hikari.HikariDataSource       : HikariPool-1 - Start completed.
2020-01-23 13:06:31.774  INFO 7076 --- [main] o.f.c.internal.database.DatabaseFactory  : Database: jdbc:mysql://localhost:3306/dsv_bs (MySQL 8.0)
2020-01-23 13:06:31.854  INFO 7076 --- [main] o.f.core.internal.command.DbValidate     : Successfully validated 12 migrations (execution time 00:00.029s)
2020-01-23 13:06:31.867  INFO 7076 --- [main] o.f.core.internal.command.DbMigrate      : Current version of schema `dsv_bs`: 12
2020-01-23 13:06:31.868  INFO 7076 --- [main] o.f.core.internal.command.DbMigrate      : Schema `dsv_bs` is up to date. No migration necessary.
2020-01-23 13:06:31.994  INFO 7076 --- [main] o.hibernate.jpa.internal.util.LogHelper  : HHH000204: Processing PersistenceUnitInfo [
	name: default
	...]
2020-01-23 13:06:32.052  INFO 7076 --- [main] org.hibernate.Version                    : HHH000412: Hibernate Core {5.3.7.Final}
2020-01-23 13:06:32.054  INFO 7076 --- [main] org.hibernate.cfg.Environment            : HHH000206: hibernate.properties not found
2020-01-23 13:06:32.173  INFO 7076 --- [main] o.hibernate.annotations.common.Version   : HCANN000001: Hibernate Commons Annotations {5.0.4.Final}
2020-01-23 13:06:32.426  INFO 7076 --- [main] org.hibernate.dialect.Dialect            : HHH000400: Using dialect: org.hibernate.dialect.MySQL5Dialect
2020-01-23 13:06:33.146  INFO 7076 --- [main] j.LocalContainerEntityManagerFactoryBean : Initialized JPA EntityManagerFactory for persistence unit 'default'
2020-01-23 13:06:33.981  WARN 7076 --- [main] o.s.s.o.p.t.s.JwtAccessTokenConverter    : Unable to create an RSA verifier from verifierKey (ignoreable if using MAC)
2020-01-23 13:06:34.242  INFO 7076 --- [main] o.s.s.web.DefaultSecurityFilterChain     : Creating filter chain: OrRequestMatcher [requestMatchers=[Ant [pattern='/oauth/token'], Ant [pattern='/oauth/token_key'], Ant [pattern='/oauth/check_token']]], [org.springframework.security.web.context.request.async.WebAsyncManagerIntegrationFilter@1df98368, org.springframework.security.web.context.SecurityContextPersistenceFilter@5922ae77, org.springframework.security.web.header.HeaderWriterFilter@1b9ea3e3, org.springframework.security.web.authentication.logout.LogoutFilter@3aee3976, org.springframework.security.web.authentication.www.BasicAuthenticationFilter@4628b1d3, org.springframework.security.web.savedrequest.RequestCacheAwareFilter@2af616d3, org.springframework.security.web.servletapi.SecurityContextHolderAwareRequestFilter@62d363ab, org.springframework.security.web.authentication.AnonymousAuthenticationFilter@21ca139c, org.springframework.security.web.session.SessionManagementFilter@55e7a35c, org.springframework.security.web.access.ExceptionTranslationFilter@4b629f13, org.springframework.security.web.access.intercept.FilterSecurityInterceptor@1494b84d]
2020-01-23 13:06:34.251  INFO 7076 --- [main] o.s.s.web.DefaultSecurityFilterChain     : Creating filter chain: org.springframework.security.oauth2.config.annotation.web.configuration.ResourceServerConfiguration$NotOAuthRequestMatcher@4c4d362a, [org.springframework.security.web.context.request.async.WebAsyncManagerIntegrationFilter@5400db36, org.springframework.security.web.context.SecurityContextPersistenceFilter@641856, org.springframework.security.web.header.HeaderWriterFilter@5ebd56e9, org.springframework.security.web.authentication.logout.LogoutFilter@56b78e55, org.springframework.security.oauth2.provider.authentication.OAuth2AuthenticationProcessingFilter@2a492f2a, org.springframework.security.web.savedrequest.RequestCacheAwareFilter@1b58ff9e, org.springframework.security.web.servletapi.SecurityContextHolderAwareRequestFilter@2f66e802, org.springframework.security.web.authentication.AnonymousAuthenticationFilter@76b74e9c, org.springframework.security.web.session.SessionManagementFilter@63f34b70, org.springframework.security.web.access.ExceptionTranslationFilter@2427e004, org.springframework.security.web.access.intercept.FilterSecurityInterceptor@411341bd]
2020-01-23 13:06:34.258  INFO 7076 --- [main] o.s.s.web.DefaultSecurityFilterChain     : Creating filter chain: any request, [org.springframework.security.web.context.request.async.WebAsyncManagerIntegrationFilter@677dbd89, org.springframework.security.web.context.SecurityContextPersistenceFilter@2db2dd9d, org.springframework.security.web.header.HeaderWriterFilter@35293c05, org.springframework.security.web.csrf.CsrfFilter@5ca17ab0, org.springframework.security.web.authentication.logout.LogoutFilter@41beb473, org.springframework.security.web.authentication.UsernamePasswordAuthenticationFilter@6d6bc158, org.springframework.security.web.authentication.ui.DefaultLoginPageGeneratingFilter@7adbd080, org.springframework.security.web.authentication.ui.DefaultLogoutPageGeneratingFilter@fff25f1, org.springframework.security.web.authentication.www.BasicAuthenticationFilter@54afd745, org.springframework.security.web.savedrequest.RequestCacheAwareFilter@3174cb09, org.springframework.security.web.servletapi.SecurityContextHolderAwareRequestFilter@4d411036, org.springframework.security.web.authentication.AnonymousAuthenticationFilter@c00fff0, org.springframework.security.web.session.SessionManagementFilter@620aa4ea, org.springframework.security.web.access.ExceptionTranslationFilter@1051817b, org.springframework.security.web.access.intercept.FilterSecurityInterceptor@352c308]
2020-01-23 13:06:34.431  INFO 7076 --- [main] o.s.s.concurrent.ThreadPoolTaskExecutor  : Initializing ExecutorService 'applicationTaskExecutor'
2020-01-23 13:06:34.472  WARN 7076 --- [main] aWebConfiguration$JpaWebMvcConfiguration : spring.jpa.open-in-view is enabled by default. Therefore, database queries may be performed during view rendering. Explicitly configure spring.jpa.open-in-view to disable this warning
2020-01-23 13:06:34.677  INFO 7076 --- [main] o.s.b.w.embedded.tomcat.TomcatWebServer  : Tomcat started on port(s): 8080 (http) with context path ''
2020-01-23 13:06:34.679  INFO 7076 --- [main] b.c.b.api.BelloSaltoApiApplication       : Started BelloSaltoApiApplication in 6.504 seconds (JVM running for 6.906)
2020-01-23 13:07:35.477  INFO 7076 --- [Thread-3] o.s.s.concurrent.ThreadPoolTaskExecutor  : Shutting down ExecutorService 'applicationTaskExecutor'
2020-01-23 13:07:35.480  INFO 7076 --- [Thread-3] j.LocalContainerEntityManagerFactoryBean : Closing JPA EntityManagerFactory for persistence unit 'default'
2020-01-23 13:07:35.483  INFO 7076 --- [Thread-3] com.zaxxer.hikari.HikariDataSource       : HikariPool-1 - Shutdown initiated...
2020-01-23 13:07:35.486  INFO 7076 --- [Thread-3] com.zaxxer.hikari.HikariDataSource       : HikariPool-1 - Shutdown completed.
